X:\Documents\Embedded_Systems_Xilinx\PID_Project\embsys\implementation\system.ngc 1367554250
X:/Documents/Embedded_Systems_Xilinx/PID_Project/embsys/implementation/system_n3eif_0_wrapper.ngc 1367554164
X:/Documents/Embedded_Systems_Xilinx/PID_Project/embsys/implementation/system_rs232_uart_1_wrapper.ngc 1367553872
X:/Documents/Embedded_Systems_Xilinx/PID_Project/embsys/implementation/system_clock_generator_0_wrapper.ngc 1367554206
X:/Documents/Embedded_Systems_Xilinx/PID_Project/embsys/implementation/system_proc_sys_reset_0_wrapper.ngc 1367554103
X:/Documents/Embedded_Systems_Xilinx/PID_Project/embsys/implementation/system_xps_spi_0_wrapper.ngc 1367554184
X:/Documents/Embedded_Systems_Xilinx/PID_Project/embsys/implementation/system_microblaze_0_wrapper.ngc 1367554191
X:/Documents/Embedded_Systems_Xilinx/PID_Project/embsys/implementation/system_mb_plb_wrapper.ngc 1367553808
X:/Documents/Embedded_Systems_Xilinx/PID_Project/embsys/implementation/system_ilmb_wrapper.ngc 1367554196
X:/Documents/Embedded_Systems_Xilinx/PID_Project/embsys/implementation/system_dlmb_wrapper.ngc 1367554201
X:/Documents/Embedded_Systems_Xilinx/PID_Project/embsys/implementation/system_dlmb_cntlr_wrapper.ngc 1367553835
X:/Documents/Embedded_Systems_Xilinx/PID_Project/embsys/implementation/system_ilmb_cntlr_wrapper.ngc 1367553845
X:/Documents/Embedded_Systems_Xilinx/PID_Project/embsys/implementation/system_micron_ram_wrapper.ngc 1367553998
X:/Documents/Embedded_Systems_Xilinx/PID_Project/embsys/implementation/system_xps_timer_0_wrapper.ngc 1367554063
X:/Documents/Embedded_Systems_Xilinx/PID_Project/embsys/implementation/system_mdm_0_wrapper.ngc 1367554093
X:/Documents/Embedded_Systems_Xilinx/PID_Project/embsys/implementation/system_xps_intc_0_wrapper.ngc 1367554211
X:/Documents/Embedded_Systems_Xilinx/PID_Project/embsys/implementation/system_fit_timer_0_wrapper.ngc 1367554129
X:/Documents/Embedded_Systems_Xilinx/PID_Project/embsys/implementation/system_xps_gpio_0_wrapper.ngc 1367554144
X:/Documents/Embedded_Systems_Xilinx/PID_Project/embsys/implementation/system_lmb_bram_wrapper.ngc 1367553855
X:/Documents/Embedded_Systems_Xilinx/PID_Project/embsys/implementation/system_mem_bus_mux_0_wrapper.ngc 1367554007
OK
